<?xml version="1.0" encoding="UTF-8"?>
<!-- Generated by org.testng.reporters.JUnitReportReporter -->
<testsuite hostname="NOISUKHP" failures="0" tests="2" name="testScript.FirstClassTest" time="22.024" errors="0" timestamp="09 Feb 2024 05:31:05 GMT" skipped="0">
  <testcase classname="testScript.FirstClassTest" name="getCurrentURL" time="10.841"/>
  <testcase classname="testScript.FirstClassTest" name="testFirstClass" time="11.183"/>
</testsuite> <!-- testScript.FirstClassTest -->
