<?xml version="1.0" encoding="UTF-8"?>
<!-- Generated by org.testng.reporters.JUnitReportReporter -->
<testsuite hostname="T4GFNOISUARHP" failures="0" tests="2" name="testScript.FirstClassTest" time="0.041" errors="0" timestamp="19 Mar 2024 04:52:51 GMT" skipped="0">
  <testcase classname="testScript.FirstClassTest" name="testFirstClass" time="0.017"/>
  <testcase classname="testScript.FirstClassTest" name="getCurrentURL" time="0.024"/>
</testsuite> <!-- testScript.FirstClassTest -->
