<?xml version="1.0" encoding="UTF-8"?>
<!-- Generated by org.testng.reporters.JUnitReportReporter -->
<testsuite hostname="T4GFNOISUARHP" failures="0" tests="2" name="testScript.FirstClassTest" time="0.039" errors="0" timestamp="2024-03-19T12:05:18 IST" skipped="0">
  <testcase classname="testScript.FirstClassTest" name="getCurrentURL" time="0.013"/>
  <testcase classname="testScript.FirstClassTest" name="testFirstClass" time="0.026"/>
</testsuite> <!-- testScript.FirstClassTest -->
