<?xml version="1.0" encoding="UTF-8"?>
<!-- Generated by org.testng.reporters.JUnitReportReporter -->
<testsuite hostname="NOISUKHP" failures="0" tests="1" name="testScript.FirstClassTest" time="16.934" errors="0" timestamp="09 Feb 2024 04:51:12 GMT" skipped="0">
  <testcase classname="testScript.FirstClassTest" name="testFirstClass" time="16.934"/>
</testsuite> <!-- testScript.FirstClassTest -->
